<?xml version="1.0" encoding="UTF-8"?>
<testng-results total="1" passed="1" failed="0" skipped="0">
  <reporter-output>
  </reporter-output>
  <suite started-at="2020-01-17T05:09:51Z" name="All Test Suite" finished-at="2020-01-17T05:10:13Z" duration-ms="21068">
    <groups>
    </groups>
    <test started-at="2020-01-17T05:09:51Z" name="firstpageTest" finished-at="2020-01-17T05:10:13Z" duration-ms="21068">
      <class name="com.RunCases.runCases">
        <test-method is-config="true" signature="Chushihua()[pri:0, instance:com.RunCases.runCases@5a63f509]" started-at="2020-01-17T13:09:51Z" name="Chushihua" finished-at="2020-01-17T13:10:05Z" duration-ms="13266" status="PASS">
          <reporter-output>
          </reporter-output>
        </test-method> <!-- Chushihua -->
        <test-method is-config="true" signature="getMap()[pri:0, instance:com.RunCases.runCases@5a63f509]" started-at="2020-01-17T13:10:05Z" name="getMap" finished-at="2020-01-17T13:10:05Z" duration-ms="168" status="PASS">
          <reporter-output>
          </reporter-output>
        </test-method> <!-- getMap -->
        <test-method signature="openpage()[pri:0, instance:com.RunCases.runCases@5a63f509]" started-at="2020-01-17T13:10:05Z" name="openpage" finished-at="2020-01-17T13:10:11Z" duration-ms="6302" status="PASS">
          <reporter-output>
          </reporter-output>
        </test-method> <!-- openpage -->
        <test-method is-config="true" signature="endtest()[pri:0, instance:com.RunCases.runCases@5a63f509]" started-at="2020-01-17T13:10:11Z" name="endtest" finished-at="2020-01-17T13:10:13Z" duration-ms="1311" status="PASS">
          <reporter-output>
          </reporter-output>
        </test-method> <!-- endtest -->
      </class> <!-- com.RunCases.runCases -->
    </test> <!-- firstpageTest -->
  </suite> <!-- All Test Suite -->
</testng-results>
